#
# A fatal error has been detected by the Java Runtime Environment:
#
#  SIGSEGV (0xb) at pc=0x0000000110efbcdd, pid=16606, tid=1299
#
# JRE version: Java(TM) SE Runtime Environment (7.0_51-b13) (build 1.7.0_51-b13)
# Java VM: Java HotSpot(TM) 64-Bit Server VM (24.51-b03 mixed mode bsd-amd64 compressed oops)
# Problematic frame:
# V  [libjvm.dylib+0x2fbcdd]
#
# Failed to write core dump. Core dumps have been disabled. To enable core dumping, try "ulimit -c unlimited" before starting Java again
#
# If you would like to submit a bug report, please visit:
#   http://bugreport.sun.com/bugreport/crash.jsp
#

---------------  T H R E A D  ---------------

Current thread (0x00007fb43e00c000):  JavaThread "AppKit Thread" daemon [_thread_in_vm, id=1299, stack(0x00007fff5025f000,0x00007fff502df000)]

siginfo:si_signo=SIGSEGV: si_errno=0, si_code=1 (SEGV_MAPERR), si_addr=0x0000000000000000

Registers:
RAX=0x0000000111402c90, RBX=0x0000000000000000, RCX=0x0000000000000004, RDX=0x0000000111363850
RSP=0x00007fff502db260, RBP=0x00007fff502db2b0, RSI=0x0000000000000000, RDI=0x00007fb43e00c1e8
R8 =0x0000000000000014, R9 =0x00007fb43a417230, R10=0x00007fb43d1fb8e0, R11=0x00007fff71f30310
R12=0x0000000000000016, R13=0x00007fb43e00c1e8, R14=0x00007fb43e00c1e8, R15=0x00007fb43e00c000
RIP=0x0000000110efbcdd, EFLAGS=0x0000000000010202, ERR=0x0000000000000004
  TRAPNO=0x000000000000000e

Top of Stack: (sp=0x00007fff502db260)
0x00007fff502db260:   00007fff502db2a8 00007fb43e00c000
0x00007fff502db270:   0000000000000000 0000000110f097b7
0x00007fff502db280:   00007fb43a50d2d0 00007fb43e00c000
0x00007fff502db290:   00007fb43e00c000 00007fb43a50d2d0
0x00007fff502db2a0:   00007fb43a50d2d0 00007fb441103e80
0x00007fff502db2b0:   00007fff502db330 000000012a4fceb1
0x00007fff502db2c0:   410a3b49a07b7959 00007fff719db718
0x00007fff502db2d0:   00007fff502db300 00007fff83d879a0
0x00007fff502db2e0:   00007fb441103e80 00007fff71d3a2b0
0x00007fff502db2f0:   00000000ffffffff fffffffbffffffff
0x00007fff502db300:   00007fff502db330 00007fb43a50d2d0
0x00007fff502db310:   0000000000000016 0000000000000000
0x00007fff502db320:   00007fb441103e80 fffffffbffffffff
0x00007fff502db330:   00007fff502db5e0 00007fff856ad6cc
0x00007fff502db340:   4081b80000000000 4082c80000000000
0x00007fff502db350:   00007fb43a90b520 0000432000000100
0x00007fff502db360:   00007fb43a50d2d0 0000000000000000
0x00007fff502db370:   0000000400000000 0000000000000000
0x00007fff502db380:   0000000000000001 0000000100009e65
0x00007fff502db390:   00000000000040de 0001b15f005a35a3
0x00007fff502db3a0:   0000000000000000 0000000000000000
0x00007fff502db3b0:   0000000000000000 0000000300000000
0x00007fff502db3c0:   0000000000000000 0000000000000000
0x00007fff502db3d0:   0000000000000100 00007fb441106ce0
0x00007fff502db3e0:   00007fb43a50d2d0 00007fff85039b46
0x00007fff502db3f0:   0000000000000000 00007fff8e3c6c70
0x00007fff502db400:   00007fb43a854720 0000000000000000
0x00007fff502db410:   00007fff502db48c 00007fff502db490
0x00007fff502db420:   00007fff502db494 00007fb43a838600
0x00007fff502db430:   ffffffffffffffff 0001206800000040
0x00007fff502db440:   00007fb43a838618 00007fb43a838600
0x00007fff502db450:   0000000000000003 0000000000004320 

Instructions: (pc=0x0000000110efbcdd)
0x0000000110efbcbd:   74 09 48 8d 7d b8 e8 ca bb 14 00 4c 89 f7 48 89
0x0000000110efbccd:   de 90 0f 1f 40 00 48 8d 05 b6 6f 50 00 80 38 00
0x0000000110efbcdd:   48 8b 03 74 15 48 8d 15 d7 48 47 00 8a 4a 08 8b
0x0000000110efbced:   40 08 48 d3 e0 48 03 02 eb 04 48 8b 40 08 48 8b 

Register to memory mapping:

RAX=0x0000000111402c90: UseCompressedOops+0 in /Users/kanwarmalik/Downloads/jMonkeyPlatform.app/Contents/Resources/jmonkeyplatform/jdk/jre/lib/server/libjvm.dylib at 0x0000000110c00000
RBX=0x0000000000000000 is an unknown value
RCX=0x0000000000000004 is an unknown value
RDX=0x0000000111363850: jni_NativeInterface+0 in /Users/kanwarmalik/Downloads/jMonkeyPlatform.app/Contents/Resources/jmonkeyplatform/jdk/jre/lib/server/libjvm.dylib at 0x0000000110c00000
RSP=0x00007fff502db260 is pointing into the stack for thread: 0x00007fb43e00c000
RBP=0x00007fff502db2b0 is pointing into the stack for thread: 0x00007fb43e00c000
RSI=0x0000000000000000 is an unknown value
RDI=0x00007fb43e00c1e8 is an unknown value
R8 =0x0000000000000014 is an unknown value
R9 =0x00007fb43a417230 is an unknown value
R10=0x00007fb43d1fb8e0 is an unknown value
R11=0x00007fff71f30310: OBJC_CLASS_$_NSEvent+0 in /System/Library/Frameworks/AppKit.framework/Versions/C/AppKit at 0x00007fff84ede000
R12=0x0000000000000016 is an unknown value
R13=0x00007fb43e00c1e8 is an unknown value
R14=0x00007fb43e00c1e8 is an unknown value
R15=0x00007fb43e00c000 is a thread


Stack: [0x00007fff5025f000,0x00007fff502df000],  sp=0x00007fff502db260,  free space=496k
Native frames: (J=compiled Java code, j=interpreted, Vv=VM code, C=native code)
V  [libjvm.dylib+0x2fbcdd]
C  [liblwjgl.dylib+0x9eb1]  -[MacOSXOpenGLView scrollWheel:]+0x81
C  [AppKit+0x7cf6cc]  -[NSWindow _reallySendEvent:isDelayedEvent:]+0x1b1d
C  [AppKit+0x160c86]  -[NSWindow sendEvent:]+0x1d6
C  [AppKit+0x15d137]  -[NSApplication sendEvent:]+0x8ed
C  [libosxapp.dylib+0x166f]  -[NSApplicationAWT sendEvent:]+0xb3
C  [AppKit+0x86b68]  -[NSApplication run]+0x2c7
C  [libosxapp.dylib+0x1557]  +[NSApplicationAWT runAWTLoopWithApp:]+0x9c
C  [liblwawt.dylib+0xdba9]  -[AWTStarter starter:]+0x369
C  [Foundation+0x92dd0]  __NSThreadPerformPerform+0x125
C  [CoreFoundation+0x80a01]  __CFRUNLOOP_IS_CALLING_OUT_TO_A_SOURCE0_PERFORM_FUNCTION__+0x11
C  [CoreFoundation+0x72b8d]  __CFRunLoopDoSources0+0x10d
C  [CoreFoundation+0x721bf]  __CFRunLoopRun+0x39f
C  [CoreFoundation+0x71bd8]  CFRunLoopRunSpecific+0x128
C  [java+0x73b0]  CreateExecutionEnvironment+0x367
C  [java+0x1b5c]  JLI_Launch+0x7a0
C  [java+0x770d]  main+0x65
C  [java+0x13b4]  start+0x34


---------------  P R O C E S S  ---------------

Java Threads: ( => current thread )
  0x00007fb43b8ad800 JavaThread "AWT-EventQueue-0" [_thread_in_native, id=63307, stack(0x00000001294e4000,0x00000001295e4000)]
  0x00007fb43e13d000 JavaThread "AWT-Shutdown" [_thread_blocked, id=51219, stack(0x000000012448a000,0x000000012458a000)]
  0x00007fb43b1e7000 JavaThread "jME3 Audio Thread" daemon [_thread_blocked, id=60991, stack(0x000000012ae05000,0x000000012af05000)]
  0x00007fb43d25b800 JavaThread "DestroyJavaVM" [_thread_blocked, id=4867, stack(0x000000010fa37000,0x000000010fb37000)]
  0x00007fb43d27b800 JavaThread "LWJGL Renderer Thread" [_thread_in_native, id=60167, stack(0x000000012a3f1000,0x000000012a4f1000)]
  0x00007fb43d25e800 JavaThread "TimerQueue" daemon [_thread_blocked, id=63075, stack(0x0000000131739000,0x0000000131839000)]
  0x00007fb43d0fc000 JavaThread "Timer-0" daemon [_thread_blocked, id=56847, stack(0x00000001293e1000,0x00000001294e1000)]
  0x00007fb43b11d800 JavaThread "Java2D Disposer" daemon [_thread_blocked, id=56083, stack(0x0000000128ca1000,0x0000000128da1000)]
  0x00007fb43d098000 JavaThread "Java2D Queue Flusher" daemon [_thread_blocked, id=53511, stack(0x0000000127637000,0x0000000127737000)]
=>0x00007fb43e00c000 JavaThread "AppKit Thread" daemon [_thread_in_vm, id=1299, stack(0x00007fff5025f000,0x00007fff502df000)]
  0x00007fb43d018000 JavaThread "Service Thread" daemon [_thread_blocked, id=19715, stack(0x00000001225d5000,0x00000001226d5000)]
  0x00007fb43d017800 JavaThread "C2 CompilerThread1" daemon [_thread_blocked, id=19203, stack(0x00000001224d2000,0x00000001225d2000)]
  0x00007fb43b83a000 JavaThread "C2 CompilerThread0" daemon [_thread_blocked, id=18691, stack(0x00000001223cf000,0x00000001224cf000)]
  0x00007fb43d013000 JavaThread "Signal Dispatcher" daemon [_thread_blocked, id=15379, stack(0x00000001222cc000,0x00000001223cc000)]
  0x00007fb43e002000 JavaThread "Finalizer" daemon [_thread_blocked, id=13571, stack(0x00000001208ab000,0x00000001209ab000)]
  0x00007fb43b011000 JavaThread "Reference Handler" daemon [_thread_blocked, id=13059, stack(0x00000001207a8000,0x00000001208a8000)]

Other Threads:
  0x00007fb43b010800 VMThread [stack: 0x00000001206a5000,0x00000001207a5000] [id=12547]
  0x00007fb43b83d000 WatcherThread [stack: 0x00000001226d8000,0x00000001227d8000] [id=20227]

VM state:not at safepoint (normal execution)

VM Mutex/Monitor currently owned by a thread: None

Heap
 PSYoungGen      total 76800K, used 16334K [0x00000007aaa80000, 0x00000007b4080000, 0x0000000800000000)
  eden space 66048K, 12% used [0x00000007aaa80000,0x00000007ab29a608,0x00000007aeb00000)
  from space 10752K, 74% used [0x00000007aeb00000,0x00000007af2d9320,0x00000007af580000)
  to   space 10752K, 0% used [0x00000007b3600000,0x00000007b3600000,0x00000007b4080000)
 ParOldGen       total 174592K, used 49909K [0x0000000700000000, 0x000000070aa80000, 0x00000007aaa80000)
  object space 174592K, 28% used [0x0000000700000000,0x00000007030bd618,0x000000070aa80000)
 PSPermGen       total 21504K, used 16897K [0x00000006fae00000, 0x00000006fc300000, 0x0000000700000000)
  object space 21504K, 78% used [0x00000006fae00000,0x00000006fbe80510,0x00000006fc300000)

Card table byte_map: [0x0000000114713000,0x0000000114f3d000] byte_map_base: 0x0000000110f3c000

Polling page: 0x000000010fb76000

Code Cache  [0x0000000111653000, 0x00000001118c3000, 0x0000000114653000)
 total_blobs=909 nmethods=325 adapters=538 free_code_cache=47870Kb largest_free_block=48983680

Compilation events (10 events):
Event: 6.114 Thread 0x00007fb43b83a000 nmethod 322 0x000000011177f010 code [0x000000011177f160, 0x000000011177f238]
Event: 6.199 Thread 0x00007fb43d017800  323             com.jme3.math.Matrix4f::mult (764 bytes)
Event: 6.202 Thread 0x00007fb43d017800 nmethod 323 0x0000000111718290 code [0x00000001117183e0, 0x0000000111718818]
Event: 6.205 Thread 0x00007fb43b83a000  324             com.jme3.math.Matrix4f::fillFloatArray (252 bytes)
Event: 6.206 Thread 0x00007fb43b83a000 nmethod 324 0x000000011177ebd0 code [0x000000011177ed20, 0x000000011177eef8]
Event: 6.308 Thread 0x00007fb43d017800  326             com.jme3.material.RenderState::getBlendMode (5 bytes)
Event: 6.308 Thread 0x00007fb43d017800 nmethod 326 0x000000011177e9d0 code [0x000000011177eb00, 0x000000011177eb78]
Event: 6.398 Thread 0x00007fb43b83a000  327             com.jme3.math.Vector3f::dot (45 bytes)
Event: 6.399 Thread 0x00007fb43b83a000 nmethod 327 0x000000011178fa50 code [0x000000011178fb80, 0x000000011178fc18]
Event: 6.513 Thread 0x00007fb43d017800  329             java.util.Arrays::binarySearch0 (95 bytes)

GC Heap History (6 events):
Event: 2.956 GC heap before
{Heap before GC invocations=1 (full 0):
 PSYoungGen      total 76800K, used 66048K [0x00000007aaa80000, 0x00000007b0000000, 0x0000000800000000)
  eden space 66048K, 100% used [0x00000007aaa80000,0x00000007aeb00000,0x00000007aeb00000)
  from space 10752K, 0% used [0x00000007af580000,0x00000007af580000,0x00000007b0000000)
  to   space 10752K, 0% used [0x00000007aeb00000,0x00000007aeb00000,0x00000007af580000)
 ParOldGen       total 174592K, used 0K [0x0000000700000000, 0x000000070aa80000, 0x00000007aaa80000)
  object space 174592K, 0% used [0x0000000700000000,0x0000000700000000,0x000000070aa80000)
 PSPermGen       total 21504K, used 16144K [0x00000006fae00000, 0x00000006fc300000, 0x0000000700000000)
  object space 21504K, 75% used [0x00000006fae00000,0x00000006fbdc42c0,0x00000006fc300000)
Event: 2.975 GC heap after
Heap after GC invocations=1 (full 0):
 PSYoungGen      total 76800K, used 10735K [0x00000007aaa80000, 0x00000007b0000000, 0x0000000800000000)
  eden space 66048K, 0% used [0x00000007aaa80000,0x00000007aaa80000,0x00000007aeb00000)
  from space 10752K, 99% used [0x00000007aeb00000,0x00000007af57bf50,0x00000007af580000)
  to   space 10752K, 0% used [0x00000007af580000,0x00000007af580000,0x00000007b0000000)
 ParOldGen       total 174592K, used 49893K [0x0000000700000000, 0x000000070aa80000, 0x00000007aaa80000)
  object space 174592K, 28% used [0x0000000700000000,0x00000007030b9618,0x000000070aa80000)
 PSPermGen       total 21504K, used 16144K [0x00000006fae00000, 0x00000006fc300000, 0x0000000700000000)
  object space 21504K, 75% used [0x00000006fae00000,0x00000006fbdc42c0,0x00000006fc300000)
}
Event: 3.315 GC heap before
{Heap before GC invocations=2 (full 0):
 PSYoungGen      total 76800K, used 76782K [0x00000007aaa80000, 0x00000007b0000000, 0x0000000800000000)
  eden space 66048K, 99% used [0x00000007aaa80000,0x00000007aeaffb38,0x00000007aeb00000)
  from space 10752K, 99% used [0x00000007aeb00000,0x00000007af57bf50,0x00000007af580000)
  to   space 10752K, 0% used [0x00000007af580000,0x00000007af580000,0x00000007b0000000)
 ParOldGen       total 174592K, used 49893K [0x0000000700000000, 0x000000070aa80000, 0x00000007aaa80000)
  object space 174592K, 28% used [0x0000000700000000,0x00000007030b9618,0x000000070aa80000)
 PSPermGen       total 21504K, used 16327K [0x00000006fae00000, 0x00000006fc300000, 0x0000000700000000)
  object space 21504K, 75% used [0x00000006fae00000,0x00000006fbdf1f90,0x00000006fc300000)
Event: 3.321 GC heap after
Heap after GC invocations=2 (full 0):
 PSYoungGen      total 76800K, used 6282K [0x00000007aaa80000, 0x00000007b4080000, 0x0000000800000000)
  eden space 66048K, 0% used [0x00000007aaa80000,0x00000007aaa80000,0x00000007aeb00000)
  from space 10752K, 58% used [0x00000007af580000,0x00000007afba2840,0x00000007b0000000)
  to   space 10752K, 0% used [0x00000007aeb00000,0x00000007aeb00000,0x00000007af580000)
 ParOldGen       total 174592K, used 49901K [0x0000000700000000, 0x000000070aa80000, 0x00000007aaa80000)
  object space 174592K, 28% used [0x0000000700000000,0x00000007030bb618,0x000000070aa80000)
 PSPermGen       total 21504K, used 16327K [0x00000006fae00000, 0x00000006fc300000, 0x0000000700000000)
  object space 21504K, 75% used [0x00000006fae00000,0x00000006fbdf1f90,0x00000006fc300000)
}
Event: 4.249 GC heap before
{Heap before GC invocations=3 (full 0):
 PSYoungGen      total 76800K, used 72330K [0x00000007aaa80000, 0x00000007b4080000, 0x0000000800000000)
  eden space 66048K, 100% used [0x00000007aaa80000,0x00000007aeb00000,0x00000007aeb00000)
  from space 10752K, 58% used [0x00000007af580000,0x00000007afba2840,0x00000007b0000000)
  to   space 10752K, 0% used [0x00000007aeb00000,0x00000007aeb00000,0x00000007af580000)
 ParOldGen       total 174592K, used 49901K [0x0000000700000000, 0x000000070aa80000, 0x00000007aaa80000)
  object space 174592K, 28% used [0x0000000700000000,0x00000007030bb618,0x000000070aa80000)
 PSPermGen       total 21504K, used 16684K [0x00000006fae00000, 0x00000006fc300000, 0x0000000700000000)
  object space 21504K, 77% used [0x00000006fae00000,0x00000006fbe4b058,0x00000006fc300000)
Event: 4.255 GC heap after
Heap after GC invocations=3 (full 0):
 PSYoungGen      total 76800K, used 8036K [0x00000007aaa80000, 0x00000007b4080000, 0x0000000800000000)
  eden space 66048K, 0% used [0x00000007aaa80000,0x00000007aaa80000,0x00000007aeb00000)
  from space 10752K, 74% used [0x00000007aeb00000,0x00000007af2d9320,0x00000007af580000)
  to   space 10752K, 0% used [0x00000007b3600000,0x00000007b3600000,0x00000007b4080000)
 ParOldGen       total 174592K, used 49909K [0x0000000700000000, 0x000000070aa80000, 0x00000007aaa80000)
  object space 174592K, 28% used [0x0000000700000000,0x00000007030bd618,0x000000070aa80000)
 PSPermGen       total 21504K, used 16684K [0x00000006fae00000, 0x00000006fc300000, 0x0000000700000000)
  object space 21504K, 77% used [0x00000006fae00000,0x00000006fbe4b058,0x00000006fc300000)
}

Deoptimization events (10 events):
Event: 4.708 Thread 0x00007fb43d27b800 Uncommon trap: reason=array_check action=maybe_recompile pc=0x000000011177927c method=com.jme3.util.SortUtil.merge([Ljava/lang/Object;[Ljava/lang/Object;IIILjava/util/Comparator;)V @ 94
Event: 4.708 Thread 0x00007fb43d27b800 Uncommon trap: reason=array_check action=maybe_recompile pc=0x000000011177927c method=com.jme3.util.SortUtil.merge([Ljava/lang/Object;[Ljava/lang/Object;IIILjava/util/Comparator;)V @ 94
Event: 4.809 Thread 0x00007fb43d27b800 Uncommon trap: reason=array_check action=maybe_recompile pc=0x0000000111790e3c method=com.jme3.util.SortUtil.merge([Ljava/lang/Object;[Ljava/lang/Object;IIILjava/util/Comparator;)V @ 137
Event: 4.809 Thread 0x00007fb43d27b800 Uncommon trap: reason=array_check action=maybe_recompile pc=0x0000000111790e3c method=com.jme3.util.SortUtil.merge([Ljava/lang/Object;[Ljava/lang/Object;IIILjava/util/Comparator;)V @ 137
Event: 6.502 Thread 0x00007fb43d27b800 Uncommon trap: reason=class_check action=maybe_recompile pc=0x0000000111704bb0 method=java.util.regex.Pattern$5.isSatisfiedBy(I)Z @ 5
Event: 6.502 Thread 0x00007fb43d27b800 Uncommon trap: reason=class_check action=maybe_recompile pc=0x0000000111706f58 method=java.util.regex.Pattern$5.isSatisfiedBy(I)Z @ 5
Event: 6.502 Thread 0x00007fb43d27b800 Uncommon trap: reason=class_check action=maybe_recompile pc=0x0000000111704bb0 method=java.util.regex.Pattern$5.isSatisfiedBy(I)Z @ 5
Event: 6.502 Thread 0x00007fb43d27b800 Uncommon trap: reason=class_check action=maybe_recompile pc=0x0000000111706f58 method=java.util.regex.Pattern$5.isSatisfiedBy(I)Z @ 5
Event: 6.502 Thread 0x00007fb43d27b800 Uncommon trap: reason=class_check action=maybe_recompile pc=0x0000000111704bb0 method=java.util.regex.Pattern$5.isSatisfiedBy(I)Z @ 5
Event: 6.505 Thread 0x00007fb43b8ad800 Uncommon trap: reason=unreached action=reinterpret pc=0x0000000111750a98 method=java.lang.ThreadLocal.get()Ljava/lang/Object; @ 11

Internal exceptions (10 events):
Event: 3.690 Thread 0x00007fb43d27b800 Threw 0x00000007ae6a1138 at /HUDSON/workspace/7u-2-build-macosx-x86_64/jdk7u51/527/hotspot/src/share/vm/prims/jvm.cpp:1244
Event: 3.692 Thread 0x00007fb43d27b800 Threw 0x00000007ae6ad8c8 at /HUDSON/workspace/7u-2-build-macosx-x86_64/jdk7u51/527/hotspot/src/share/vm/prims/jvm.cpp:1244
Event: 4.227 Thread 0x00007fb43d27b800 Threw 0x00000007ae727198 at /HUDSON/workspace/7u-2-build-macosx-x86_64/jdk7u51/527/hotspot/src/share/vm/prims/jvm.cpp:1244
Event: 4.227 Thread 0x00007fb43d27b800 Threw 0x00000007ae72b020 at /HUDSON/workspace/7u-2-build-macosx-x86_64/jdk7u51/527/hotspot/src/share/vm/prims/jvm.cpp:1244
Event: 4.228 Thread 0x00007fb43d27b800 Threw 0x00000007ae72e588 at /HUDSON/workspace/7u-2-build-macosx-x86_64/jdk7u51/527/hotspot/src/share/vm/prims/jvm.cpp:1244
Event: 4.228 Thread 0x00007fb43d27b800 Threw 0x00000007ae732278 at /HUDSON/workspace/7u-2-build-macosx-x86_64/jdk7u51/527/hotspot/src/share/vm/prims/jvm.cpp:1244
Event: 6.501 Thread 0x00007fb43d27b800 Threw 0x00000007ab0f5e00 at /HUDSON/workspace/7u-2-build-macosx-x86_64/jdk7u51/527/hotspot/src/share/vm/interpreter/linkResolver.cpp:883
Event: 6.502 Thread 0x00007fb43d27b800 Threw 0x00000007ab102598 at /HUDSON/workspace/7u-2-build-macosx-x86_64/jdk7u51/527/hotspot/src/share/vm/prims/jvm.cpp:1244
Event: 6.505 Thread 0x00007fb43b8ad800 Implicit null exception at 0x00000001117509da to 0x0000000111750a85
Event: 6.512 Thread 0x00007fb43d27b800 Threw 0x00000007ab106ef8 at /HUDSON/workspace/7u-2-build-macosx-x86_64/jdk7u51/527/hotspot/src/share/vm/prims/jvm.cpp:1244

Events (10 events):
Event: 6.505 loading class 0x00007fb43b84c920 done
Event: 6.505 loading class 0x00007fb43b84c9c0
Event: 6.505 loading class 0x00007fb43b84c9c0 done
Event: 6.505 Thread 0x00007fb43b8ad800 Uncommon trap: trap_request=0xffffffad fr.pc=0x0000000111750a98
Event: 6.505 Thread 0x00007fb43b8ad800 DEOPT PACKING pc=0x0000000111750a98 sp=0x00000001295e1650
Event: 6.505 Thread 0x00007fb43b8ad800 DEOPT UNPACKING pc=0x000000011168c045 sp=0x00000001295e1610 mode 2
Event: 6.512 loading class 0x00007fb43a956c60
Event: 6.512 loading class 0x00007fb43a956c60 done
Event: 6.513 loading class 0x00007fb43b86e330
Event: 6.513 loading class 0x00007fb43b86e330 done


Dynamic libraries:
0x00000000010f7000 	/System/Library/Frameworks/Cocoa.framework/Versions/A/Cocoa
0x00000000010f7000 	/System/Library/Frameworks/Security.framework/Versions/A/Security
0x00000000010f7000 	/System/Library/Frameworks/ApplicationServices.framework/Versions/A/ApplicationServices
0x00000000010f7000 	/usr/lib/libz.1.dylib
0x00000000010f7000 	/usr/lib/libSystem.B.dylib
0x00000000010f7000 	/usr/lib/libobjc.A.dylib
0x00000000010f7000 	/System/Library/Frameworks/CoreFoundation.framework/Versions/A/CoreFoundation
0x00000000010f7000 	/System/Library/Frameworks/Foundation.framework/Versions/C/Foundation
0x00000000010f7000 	/System/Library/Frameworks/AppKit.framework/Versions/C/AppKit
0x00000000010f7000 	/System/Library/Frameworks/CoreData.framework/Versions/A/CoreData
0x00000000010f7000 	/System/Library/PrivateFrameworks/RemoteViewServices.framework/Versions/A/RemoteViewServices
0x00000000010f7000 	/System/Library/PrivateFrameworks/UIFoundation.framework/Versions/A/UIFoundation
0x00000000010f7000 	/System/Library/Frameworks/IOSurface.framework/Versions/A/IOSurface
0x00000000010f7000 	/System/Library/Frameworks/AudioToolbox.framework/Versions/A/AudioToolbox
0x00000000010f7000 	/System/Library/Frameworks/AudioUnit.framework/Versions/A/AudioUnit
0x00000000010f7000 	/System/Library/PrivateFrameworks/DataDetectorsCore.framework/Versions/A/DataDetectorsCore
0x00000000010f7000 	/System/Library/PrivateFrameworks/DesktopServicesPriv.framework/Versions/A/DesktopServicesPriv
0x00000000010f7000 	/System/Library/Frameworks/Carbon.framework/Versions/A/Frameworks/HIToolbox.framework/Versions/A/HIToolbox
0x00000000010f7000 	/System/Library/Frameworks/QuartzCore.framework/Versions/A/QuartzCore
0x00000000010f7000 	/System/Library/Frameworks/Carbon.framework/Versions/A/Frameworks/SpeechRecognition.framework/Versions/A/SpeechRecognition
0x00000000010f7000 	/usr/lib/libauto.dylib
0x00000000010f7000 	/usr/lib/libicucore.A.dylib
0x00000000010f7000 	/usr/lib/libxml2.2.dylib
0x00000000010f7000 	/System/Library/PrivateFrameworks/CoreUI.framework/Versions/A/CoreUI
0x00000000010f7000 	/System/Library/Frameworks/CoreAudio.framework/Versions/A/CoreAudio
0x00000000010f7000 	/System/Library/Frameworks/DiskArbitration.framework/Versions/A/DiskArbitration
0x00000000010f7000 	/usr/lib/liblangid.dylib
0x00000000010f7000 	/System/Library/PrivateFrameworks/MultitouchSupport.framework/Versions/A/MultitouchSupport
0x00000000010f7000 	/System/Library/Frameworks/IOKit.framework/Versions/A/IOKit
0x00000000010f7000 	/usr/lib/libDiagnosticMessagesClient.dylib
0x00000000010f7000 	/System/Library/Frameworks/CoreServices.framework/Versions/A/CoreServices
0x00000000010f7000 	/System/Library/PrivateFrameworks/PerformanceAnalysis.framework/Versions/A/PerformanceAnalysis
0x00000000010f7000 	/System/Library/PrivateFrameworks/GenerationalStorage.framework/Versions/A/GenerationalStorage
0x00000000010f7000 	/System/Library/Frameworks/OpenGL.framework/Versions/A/OpenGL
0x00000000010f7000 	/System/Library/PrivateFrameworks/Sharing.framework/Versions/A/Sharing
0x00000000010f7000 	/System/Library/Frameworks/CoreGraphics.framework/Versions/A/CoreGraphics
0x00000000010f7000 	/System/Library/Frameworks/CoreText.framework/Versions/A/CoreText
0x00000000010f7000 	/System/Library/Frameworks/ImageIO.framework/Versions/A/ImageIO
0x00000000010f7000 	/usr/lib/libextension.dylib
0x00000000010f7000 	/System/Library/PrivateFrameworks/Backup.framework/Versions/A/Backup
0x00000000010f7000 	/usr/lib/libarchive.2.dylib
0x00000000010f7000 	/System/Library/Frameworks/CFNetwork.framework/Versions/A/CFNetwork
0x00000000010f7000 	/System/Library/Frameworks/SystemConfiguration.framework/Versions/A/SystemConfiguration
0x00000000010f7000 	/usr/lib/libCRFSuite.dylib
0x00000000010f7000 	/usr/lib/libc++.1.dylib
0x00000000010f7000 	/usr/lib/libc++abi.dylib
0x00000000010f7000 	/usr/lib/system/libcache.dylib
0x00000000010f7000 	/usr/lib/system/libcommonCrypto.dylib
0x00000000010f7000 	/usr/lib/system/libcompiler_rt.dylib
0x00000000010f7000 	/usr/lib/system/libcopyfile.dylib
0x00000000010f7000 	/usr/lib/system/libcorecrypto.dylib
0x00000000010f7000 	/usr/lib/system/libdispatch.dylib
0x00000000010f7000 	/usr/lib/system/libdyld.dylib
0x00000000010f7000 	/usr/lib/system/libkeymgr.dylib
0x00000000010f7000 	/usr/lib/system/liblaunch.dylib
0x00000000010f7000 	/usr/lib/system/libmacho.dylib
0x00000000010f7000 	/usr/lib/system/libquarantine.dylib
0x00000000010f7000 	/usr/lib/system/libremovefile.dylib
0x00000000010f7000 	/usr/lib/system/libsystem_asl.dylib
0x00000000010f7000 	/usr/lib/system/libsystem_blocks.dylib
0x00000000010f7000 	/usr/lib/system/libsystem_c.dylib
0x00000000010f7000 	/usr/lib/system/libsystem_configuration.dylib
0x00000000010f7000 	/usr/lib/system/libsystem_coreservices.dylib
0x00000000010f7000 	/usr/lib/system/libsystem_coretls.dylib
0x00000000010f7000 	/usr/lib/system/libsystem_dnssd.dylib
0x00000000010f7000 	/usr/lib/system/libsystem_info.dylib
0x00000000010f7000 	/usr/lib/system/libsystem_kernel.dylib
0x00000000010f7000 	/usr/lib/system/libsystem_m.dylib
0x00000000010f7000 	/usr/lib/system/libsystem_malloc.dylib
0x00000000010f7000 	/usr/lib/system/libsystem_network.dylib
0x00000000010f7000 	/usr/lib/system/libsystem_networkextension.dylib
0x00000000010f7000 	/usr/lib/system/libsystem_notify.dylib
0x00000000010f7000 	/usr/lib/system/libsystem_platform.dylib
0x00000000010f7000 	/usr/lib/system/libsystem_pthread.dylib
0x00000000010f7000 	/usr/lib/system/libsystem_sandbox.dylib
0x00000000010f7000 	/usr/lib/system/libsystem_secinit.dylib
0x00000000010f7000 	/usr/lib/system/libsystem_stats.dylib
0x00000000010f7000 	/usr/lib/system/libsystem_trace.dylib
0x00000000010f7000 	/usr/lib/system/libunc.dylib
0x00000000010f7000 	/usr/lib/system/libunwind.dylib
0x00000000010f7000 	/usr/lib/system/libxpc.dylib
0x00000000010f7000 	/usr/lib/libbz2.1.0.dylib
0x00000000010f7000 	/usr/lib/liblzma.5.dylib
0x00000000010f7000 	/usr/lib/libbsm.0.dylib
0x00000000010f7000 	/usr/lib/libsqlite3.dylib
0x00000000010f7000 	/usr/lib/system/libkxld.dylib
0x00000000010f7000 	/usr/lib/libxar.1.dylib
0x00000000010f7000 	/usr/lib/libpam.2.dylib
0x00000000010f7000 	/usr/lib/libOpenScriptingUtil.dylib
0x00000000010f7000 	/System/Library/Frameworks/CoreServices.framework/Versions/A/Frameworks/FSEvents.framework/Versions/A/FSEvents
0x00000000010f7000 	/System/Library/Frameworks/CoreServices.framework/Versions/A/Frameworks/CarbonCore.framework/Versions/A/CarbonCore
0x00000000010f7000 	/System/Library/Frameworks/CoreServices.framework/Versions/A/Frameworks/Metadata.framework/Versions/A/Metadata
0x00000000010f7000 	/System/Library/Frameworks/CoreServices.framework/Versions/A/Frameworks/OSServices.framework/Versions/A/OSServices
0x00000000010f7000 	/System/Library/Frameworks/CoreServices.framework/Versions/A/Frameworks/SearchKit.framework/Versions/A/SearchKit
0x00000000010f7000 	/System/Library/Frameworks/CoreServices.framework/Versions/A/Frameworks/AE.framework/Versions/A/AE
0x00000000010f7000 	/System/Library/Frameworks/CoreServices.framework/Versions/A/Frameworks/LaunchServices.framework/Versions/A/LaunchServices
0x00000000010f7000 	/System/Library/Frameworks/CoreServices.framework/Versions/A/Frameworks/DictionaryServices.framework/Versions/A/DictionaryServices
0x00000000010f7000 	/System/Library/Frameworks/NetFS.framework/Versions/A/NetFS
0x00000000010f7000 	/System/Library/PrivateFrameworks/NetAuth.framework/Versions/A/NetAuth
0x00000000010f7000 	/System/Library/PrivateFrameworks/login.framework/Versions/A/Frameworks/loginsupport.framework/Versions/A/loginsupport
0x00000000010f7000 	/System/Library/PrivateFrameworks/TCC.framework/Versions/A/TCC
0x00000000010f7000 	/usr/lib/libmecabra.dylib
0x00000000010f7000 	/System/Library/Frameworks/ApplicationServices.framework/Versions/A/Frameworks/ATS.framework/Versions/A/ATS
0x00000000010f7000 	/System/Library/Frameworks/ApplicationServices.framework/Versions/A/Frameworks/ColorSync.framework/Versions/A/ColorSync
0x00000000010f7000 	/System/Library/Frameworks/ApplicationServices.framework/Versions/A/Frameworks/HIServices.framework/Versions/A/HIServices
0x00000000010f7000 	/System/Library/Frameworks/ApplicationServices.framework/Versions/A/Frameworks/LangAnalysis.framework/Versions/A/LangAnalysis
0x00000000010f7000 	/System/Library/Frameworks/ApplicationServices.framework/Versions/A/Frameworks/PrintCore.framework/Versions/A/PrintCore
0x00000000010f7000 	/System/Library/Frameworks/ApplicationServices.framework/Versions/A/Frameworks/QD.framework/Versions/A/QD
0x00000000010f7000 	/System/Library/Frameworks/ApplicationServices.framework/Versions/A/Frameworks/SpeechSynthesis.framework/Versions/A/SpeechSynthesis
0x00000000010f7000 	/System/Library/Frameworks/Accelerate.framework/Versions/A/Accelerate
0x00000000010f7000 	/System/Library/Frameworks/Accelerate.framework/Versions/A/Frameworks/vImage.framework/Versions/A/vImage
0x00000000010f7000 	/System/Library/Frameworks/Accelerate.framework/Versions/A/Frameworks/vecLib.framework/Versions/A/vecLib
0x00000000010f7000 	/System/Library/Frameworks/Accelerate.framework/Versions/A/Frameworks/vecLib.framework/Versions/A/libvDSP.dylib
0x00000000010f7000 	/System/Library/Frameworks/Accelerate.framework/Versions/A/Frameworks/vecLib.framework/Versions/A/libvMisc.dylib
0x00000000010f7000 	/System/Library/Frameworks/Accelerate.framework/Versions/A/Frameworks/vecLib.framework/Versions/A/libLAPACK.dylib
0x00000000010f7000 	/System/Library/Frameworks/Accelerate.framework/Versions/A/Frameworks/vecLib.framework/Versions/A/libBLAS.dylib
0x00000000010f7000 	/System/Library/Frameworks/Accelerate.framework/Versions/A/Frameworks/vecLib.framework/Versions/A/libLinearAlgebra.dylib
0x00000000010f7000 	/System/Library/Frameworks/ApplicationServices.framework/Versions/A/Frameworks/ATS.framework/Versions/A/Resources/libFontParser.dylib
0x00000000010f7000 	/System/Library/Frameworks/ApplicationServices.framework/Versions/A/Frameworks/ATS.framework/Versions/A/Resources/libFontRegistry.dylib
0x00000000010f7000 	/System/Library/PrivateFrameworks/AppleVPA.framework/Versions/A/AppleVPA
0x00000000010f7000 	/System/Library/PrivateFrameworks/AppleJPEG.framework/Versions/A/AppleJPEG
0x00000000010f7000 	/System/Library/Frameworks/ImageIO.framework/Versions/A/Resources/libJPEG.dylib
0x00000000010f7000 	/System/Library/Frameworks/ImageIO.framework/Versions/A/Resources/libTIFF.dylib
0x00000000010f7000 	/System/Library/Frameworks/ImageIO.framework/Versions/A/Resources/libPng.dylib
0x00000000010f7000 	/System/Library/Frameworks/ImageIO.framework/Versions/A/Resources/libGIF.dylib
0x00000000010f7000 	/System/Library/Frameworks/ImageIO.framework/Versions/A/Resources/libJP2.dylib
0x00000000010f7000 	/System/Library/Frameworks/ImageIO.framework/Versions/A/Resources/libRadiance.dylib
0x00000000010f7000 	/System/Library/Frameworks/CoreVideo.framework/Versions/A/CoreVideo
0x00000000010f7000 	/System/Library/Frameworks/OpenGL.framework/Versions/A/Libraries/libGLU.dylib
0x00000000010f7000 	/System/Library/Frameworks/OpenGL.framework/Versions/A/Libraries/libGFXShared.dylib
0x00000000010f7000 	/System/Library/Frameworks/OpenGL.framework/Versions/A/Libraries/libGL.dylib
0x00000000010f7000 	/System/Library/Frameworks/OpenGL.framework/Versions/A/Libraries/libGLImage.dylib
0x00000000010f7000 	/System/Library/Frameworks/OpenGL.framework/Versions/A/Libraries/libCVMSPluginSupport.dylib
0x00000000010f7000 	/System/Library/Frameworks/OpenGL.framework/Versions/A/Libraries/libCoreVMClient.dylib
0x00000000010f7000 	/usr/lib/libcups.2.dylib
0x00000000010f7000 	/System/Library/Frameworks/Kerberos.framework/Versions/A/Kerberos
0x00000000010f7000 	/System/Library/Frameworks/GSS.framework/Versions/A/GSS
0x00000000010f7000 	/usr/lib/libresolv.9.dylib
0x00000000010f7000 	/usr/lib/libiconv.2.dylib
0x00000000010f7000 	/System/Library/PrivateFrameworks/Heimdal.framework/Versions/A/Heimdal
0x00000000010f7000 	/usr/lib/libheimdal-asn1.dylib
0x00000000010f7000 	/System/Library/Frameworks/OpenDirectory.framework/Versions/A/OpenDirectory
0x00000000010f7000 	/System/Library/PrivateFrameworks/CommonAuth.framework/Versions/A/CommonAuth
0x00000000010f7000 	/System/Library/Frameworks/OpenDirectory.framework/Versions/A/Frameworks/CFOpenDirectory.framework/Versions/A/CFOpenDirectory
0x00000000010f7000 	/System/Library/Frameworks/SecurityFoundation.framework/Versions/A/SecurityFoundation
0x00000000010f7000 	/System/Library/PrivateFrameworks/LanguageModeling.framework/Versions/A/LanguageModeling
0x00000000010f7000 	/usr/lib/libcmph.dylib
0x00000000010f7000 	/System/Library/Frameworks/ServiceManagement.framework/Versions/A/ServiceManagement
0x00000000010f7000 	/usr/lib/libxslt.1.dylib
0x00000000010f7000 	/System/Library/Frameworks/Carbon.framework/Versions/A/Frameworks/Ink.framework/Versions/A/Ink
0x00000000010f7000 	/System/Library/Frameworks/QuartzCore.framework/Versions/A/Frameworks/CoreImage.framework/Versions/A/CoreImage
0x00000000010f7000 	/System/Library/PrivateFrameworks/CrashReporterSupport.framework/Versions/A/CrashReporterSupport
0x00000000010f7000 	/System/Library/Frameworks/OpenCL.framework/Versions/A/OpenCL
0x00000000010f7000 	/System/Library/PrivateFrameworks/FaceCore.framework/Versions/A/FaceCore
0x00000000010f7000 	/System/Library/PrivateFrameworks/Ubiquity.framework/Versions/A/Ubiquity
0x00000000010f7000 	/System/Library/PrivateFrameworks/IconServices.framework/Versions/A/IconServices
0x00000000010f7000 	/System/Library/PrivateFrameworks/ChunkingLibrary.framework/Versions/A/ChunkingLibrary
0x00000000010f7000 	/System/Library/PrivateFrameworks/Apple80211.framework/Versions/A/Apple80211
0x00000000010f7000 	/System/Library/Frameworks/CoreWLAN.framework/Versions/A/CoreWLAN
0x00000000010f7000 	/System/Library/Frameworks/IOBluetooth.framework/Versions/A/IOBluetooth
0x00000000010f7000 	/System/Library/PrivateFrameworks/CoreWiFi.framework/Versions/A/CoreWiFi
0x00000000010f7000 	/System/Library/Frameworks/CoreBluetooth.framework/Versions/A/CoreBluetooth
0x00000000010f7000 	/System/Library/PrivateFrameworks/DebugSymbols.framework/Versions/A/DebugSymbols
0x00000000010f7000 	/System/Library/PrivateFrameworks/CoreSymbolication.framework/Versions/A/CoreSymbolication
0x00000000010f7000 	/System/Library/PrivateFrameworks/Symbolication.framework/Versions/A/Symbolication
0x00000000010f7000 	/System/Library/PrivateFrameworks/SpeechRecognitionCore.framework/Versions/A/SpeechRecognitionCore
0x0000000110c00000 	/Users/kanwarmalik/Downloads/jMonkeyPlatform.app/Contents/Resources/jmonkeyplatform/jdk/jre/lib/server/libjvm.dylib
0x00000000010f7000 	/usr/lib/libstdc++.6.dylib
0x000000010fb39000 	/Users/kanwarmalik/Downloads/jMonkeyPlatform.app/Contents/Resources/jmonkeyplatform/jdk/jre/lib/libverify.dylib
0x000000010fb46000 	/Users/kanwarmalik/Downloads/jMonkeyPlatform.app/Contents/Resources/jmonkeyplatform/jdk/jre/lib/libjava.dylib
0x000000010fb80000 	/Users/kanwarmalik/Downloads/jMonkeyPlatform.app/Contents/Resources/jmonkeyplatform/jdk/jre/lib/libzip.dylib
0x00000001209ad000 	/System/Library/Frameworks/JavaVM.framework/Frameworks/JavaRuntimeSupport.framework/JavaRuntimeSupport
0x00000001209c5000 	/System/Library/Frameworks/JavaVM.framework/Versions/A/Frameworks/JavaNativeFoundation.framework/Versions/A/JavaNativeFoundation
0x00000001209da000 	/System/Library/Frameworks/JavaVM.framework/Versions/A/JavaVM
0x00000000010f7000 	/System/Library/Frameworks/Carbon.framework/Versions/A/Carbon
0x00000001209e7000 	/System/Library/PrivateFrameworks/JavaLaunching.framework/Versions/A/JavaLaunching
0x00000000010f7000 	/System/Library/Frameworks/Carbon.framework/Versions/A/Frameworks/CommonPanels.framework/Versions/A/CommonPanels
0x00000000010f7000 	/System/Library/Frameworks/Carbon.framework/Versions/A/Frameworks/Help.framework/Versions/A/Help
0x00000000010f7000 	/System/Library/Frameworks/Carbon.framework/Versions/A/Frameworks/ImageCapture.framework/Versions/A/ImageCapture
0x00000000010f7000 	/System/Library/Frameworks/Carbon.framework/Versions/A/Frameworks/OpenScripting.framework/Versions/A/OpenScripting
0x00000000010f7000 	/System/Library/Frameworks/Carbon.framework/Versions/A/Frameworks/Print.framework/Versions/A/Print
0x00000000010f7000 	/System/Library/Frameworks/Carbon.framework/Versions/A/Frameworks/SecurityHI.framework/Versions/A/SecurityHI
0x0000000122885000 	/Users/kanwarmalik/Downloads/jMonkeyPlatform.app/Contents/Resources/jmonkeyplatform/jdk/jre/lib/libawt.dylib
0x0000000122934000 	/Users/kanwarmalik/Downloads/jMonkeyPlatform.app/Contents/Resources/jmonkeyplatform/jdk/jre/lib/./libmlib_image.dylib
0x0000000122a00000 	/Users/kanwarmalik/Downloads/jMonkeyPlatform.app/Contents/Resources/jmonkeyplatform/jdk/jre/lib/lwawt/liblwawt.dylib
0x0000000122ab4000 	/Users/kanwarmalik/Downloads/jMonkeyPlatform.app/Contents/Resources/jmonkeyplatform/jdk/jre/lib/libosxapp.dylib
0x00000000010f7000 	/System/Library/Frameworks/ExceptionHandling.framework/Versions/A/ExceptionHandling
0x00000000010f7000 	/System/Library/PrivateFrameworks/CoreServicesInternal.framework/Versions/A/CoreServicesInternal
0x00000000010f7000 	/System/Library/PrivateFrameworks/CloudDocs.framework/Versions/A/CloudDocs
0x00000000010f7000 	/System/Library/PrivateFrameworks/CoreDuet.framework/Versions/A/CoreDuet
0x00000000010f7000 	/System/Library/Frameworks/CloudKit.framework/Versions/A/CloudKit
0x00000000010f7000 	/System/Library/PrivateFrameworks/ProtocolBuffer.framework/Versions/A/ProtocolBuffer
0x00000000010f7000 	/System/Library/PrivateFrameworks/CoreDuetDaemonProtocol.framework/Versions/A/CoreDuetDaemonProtocol
0x00000000010f7000 	/System/Library/PrivateFrameworks/CoreDuetDebugLogging.framework/Versions/A/CoreDuetDebugLogging
0x00000000010f7000 	/System/Library/PrivateFrameworks/MMCS.framework/Versions/A/MMCS
0x00000000010f7000 	/System/Library/Frameworks/CoreLocation.framework/Versions/A/CoreLocation
0x00000000010f7000 	/System/Library/PrivateFrameworks/ProtectedCloudStorage.framework/Versions/A/ProtectedCloudStorage
0x00000000010f7000 	/System/Library/PrivateFrameworks/GeoServices.framework/Versions/A/GeoServices
0x000000012447a000 	/System/Library/Frameworks/CoreGraphics.framework/Versions/A/Resources/libCGCMS.A.dylib
0x000000012525d000 	/System/Library/Frameworks/CoreGraphics.framework/Versions/A/Resources/libRIP.A.dylib
0x00000001255a3000 	/System/Library/Frameworks/CoreGraphics.framework/Versions/A/Resources/libCGXType.A.dylib
0x00000000010f7000 	/System/Library/Frameworks/OpenCL.framework/Versions/A/Libraries/libcldcpuengine.dylib
0x00000000010f7000 	/System/Library/PrivateFrameworks/DiskImages.framework/Versions/A/DiskImages
0x00000000010f7000 	/System/Library/Frameworks/DiscRecording.framework/Versions/A/DiscRecording
0x00000000010f7000 	/usr/lib/libcsfde.dylib
0x00000000010f7000 	/usr/lib/libcurl.4.dylib
0x00000000010f7000 	/System/Library/PrivateFrameworks/MediaKit.framework/Versions/A/MediaKit
0x00000000010f7000 	/usr/lib/libCoreStorage.dylib
0x00000000010f7000 	/System/Library/PrivateFrameworks/EFILogin.framework/Versions/A/EFILogin
0x00000000010f7000 	/usr/lib/libutil.dylib
0x00000000010f7000 	/System/Library/PrivateFrameworks/FindMyDevice.framework/Versions/A/FindMyDevice
0x00000000010f7000 	/System/Library/Frameworks/LDAP.framework/Versions/A/LDAP
0x00000000010f7000 	/usr/lib/libsasl2.2.dylib
0x00000000010f7000 	/System/Library/PrivateFrameworks/CoreDaemon.framework/Versions/B/CoreDaemon
0x00000000010f7000 	/usr/lib/libcrypto.0.9.8.dylib
0x00000000010f7000 	/System/Library/PrivateFrameworks/AppleSRP.framework/Versions/A/AppleSRP
0x00000000010f7000 	/System/Library/PrivateFrameworks/TrustEvaluationAgent.framework/Versions/A/TrustEvaluationAgent
0x0000000126014000 	cl_kernels
0x0000000126016000 	/System/Library/Frameworks/OpenCL.framework/Versions/A/Libraries/ImageFormats/unorm8_bgra.dylib
0x0000000126006000 	cl_kernels
0x00000000010f7000 	/System/Library/PrivateFrameworks/FamilyControls.framework/Versions/A/FamilyControls
0x00000000010f7000 	/System/Library/PrivateFrameworks/CommerceKit.framework/Versions/A/Frameworks/CommerceCore.framework/Versions/A/CommerceCore
0x00000000010f7000 	/System/Library/PrivateFrameworks/SystemAdministration.framework/Versions/A/SystemAdministration
0x00000000010f7000 	/System/Library/PrivateFrameworks/AppContainer.framework/Versions/A/AppContainer
0x00000000010f7000 	/System/Library/PrivateFrameworks/SecCodeWrapper.framework/Versions/A/SecCodeWrapper
0x00000000010f7000 	/System/Library/Frameworks/DirectoryService.framework/Versions/A/DirectoryService
0x00000000010f7000 	/System/Library/PrivateFrameworks/LoginUIKit.framework/Versions/A/Frameworks/LoginUICore.framework/Versions/A/LoginUICore
0x00000000010f7000 	/usr/lib/libodfde.dylib
0x00000001274cc000 	/Users/kanwarmalik/Downloads/jMonkeyPlatform.app/Contents/Resources/jmonkeyplatform/jdk/jre/lib/libfontmanager.dylib
0x0000000127739000 	/System/Library/Frameworks/OpenGL.framework/Resources/GLEngine.bundle/GLEngine
0x00000000010f7000 	/System/Library/Frameworks/OpenGL.framework/Versions/A/Libraries/libGLProgrammability.dylib
0x0000000127924000 	/System/Library/Extensions/AppleIntelHD5000GraphicsGLDriver.bundle/Contents/MacOS/AppleIntelHD5000GraphicsGLDriver
0x00000000010f7000 	/System/Library/PrivateFrameworks/IOAccelerator.framework/Versions/A/IOAccelerator
0x00000000010f7000 	/System/Library/PrivateFrameworks/GPUSupport.framework/Versions/A/Libraries/libGPUSupportMercury.dylib
0x0000000000000000 	/System/Library/Extensions/GeForceGLDriver.bundle/Contents/MacOS/GeForceGLDriver
0x00000000010f7000 	/System/Library/Extensions/GeForceGLDriver.bundle/Contents/MacOS/libclh.dylib
0x000000012840a000 	/System/Library/Frameworks/OpenGL.framework/Resources//GLRendererFloat.bundle/GLRendererFloat
0x00000001293c8000 	/Users/kanwarmalik/Downloads/jMonkeyPlatform.app/Contents/Resources/jmonkeyplatform/jdk/jre/lib/libosxui.dylib
0x00000001293d2000 	/Users/kanwarmalik/Downloads/jMonkeyPlatform.app/Contents/Resources/jmonkeyplatform/jdk/jre/lib/libosx.dylib
0x000000012b431000 	/Users/kanwarmalik/Downloads/jMonkeyPlatform.app/Contents/Resources/jmonkeyplatform/jdk/jre/lib/libnet.dylib
0x000000012b48e000 	/Users/kanwarmalik/Downloads/jMonkeyPlatform.app/Contents/Resources/jmonkeyplatform/jdk/jre/lib/libnio.dylib
0x00000000010f7000 	/System/Library/Frameworks/Accelerate.framework/Versions/A/Frameworks/vImage.framework/Versions/A/Libraries/libCGInterfaces.dylib
0x000000012a4f3000 	/Users/kanwarmalik/Documents/MonkeyJava/HelloWorldTutorial/liblwjgl.dylib
0x0000000129762000 	/Users/kanwarmalik/Downloads/jMonkeyPlatform.app/Contents/Resources/jmonkeyplatform/jdk/jre/lib/libjawt.dylib
0x000000012a80e000 	/Users/kanwarmalik/Documents/MonkeyJava/HelloWorldTutorial/openal.dylib
0x000000012c2ec000 	/System/Library/Components/CoreAudio.component/Contents/MacOS/CoreAudio
0x000000012a871000 	/System/Library/Extensions/AppleHDA.kext/Contents/PlugIns/AppleHDAHALPlugIn.bundle/Contents/MacOS/AppleHDAHALPlugIn

VM Arguments:
jvm_args: -Dfile.encoding=UTF-8 
java_command: jme3test.helloworld.HelloDummy
Launcher Type: SUN_STANDARD

Environment Variables:
PATH=/usr/bin:/bin:/usr/sbin:/sbin
LD_LIBRARY_PATH=/Users/kanwarmalik/Downloads/jMonkeyPlatform.app/Contents/MacOS/../Resources/jmonkeyplatform/bin/../jdk/jre/lib/amd64:/Users/kanwarmalik/Downloads/jMonkeyPlatform.app/Contents/MacOS/../Resources/jmonkeyplatform/bin/../jdk/jre/lib/i386:
SHELL=/bin/bash
DISPLAY=/private/tmp/com.apple.launchd.pZmKGEg3lQ/org.macosforge.xquartz:0

Signal Handlers:
SIGSEGV: [libjvm.dylib+0x525425], sa_mask[0]=0xfffefeff, sa_flags=0x00000043
SIGBUS: [libjvm.dylib+0x525425], sa_mask[0]=0xfffefeff, sa_flags=0x00000042
SIGFPE: [libjvm.dylib+0x41892a], sa_mask[0]=0xfffefeff, sa_flags=0x00000042
SIGPIPE: [libjvm.dylib+0x41892a], sa_mask[0]=0xfffefeff, sa_flags=0x00000042
SIGXFSZ: [libjvm.dylib+0x41892a], sa_mask[0]=0xfffefeff, sa_flags=0x00000042
SIGILL: [libjvm.dylib+0x41892a], sa_mask[0]=0xfffefeff, sa_flags=0x00000042
SIGUSR1: SIG_DFL, sa_mask[0]=0x00000000, sa_flags=0x00000000
SIGUSR2: [libjvm.dylib+0x41841c], sa_mask[0]=0x00000004, sa_flags=0x00000042
SIGHUP: [libjvm.dylib+0x4166ab], sa_mask[0]=0xfffefeff, sa_flags=0x00000042
SIGINT: SIG_IGN, sa_mask[0]=0x00000000, sa_flags=0x00000000
SIGTERM: [libjvm.dylib+0x4166ab], sa_mask[0]=0xfffefeff, sa_flags=0x00000042
SIGQUIT: [libjvm.dylib+0x4166ab], sa_mask[0]=0xfffefeff, sa_flags=0x00000042


---------------  S Y S T E M  ---------------

OS:Bsduname:Darwin 14.5.0 Darwin Kernel Version 14.5.0: Thu Apr 21 20:40:54 PDT 2016; root:xnu-2782.50.3~1/RELEASE_X86_64 x86_64
rlimit: STACK 8192k, CORE 0k, NPROC 709, NOFILE 10240, AS infinity
load average:1.82 1.98 2.11

CPU:total 8 (4 cores per cpu, 2 threads per core) family 6 model 70 stepping 1, cmov, cx8, fxsr, mmx, sse, sse2, sse3, ssse3, sse4.1, sse4.2, popcnt, avx, avx2, aes, erms, ht, tsc, tscinvbit

Memory: 4k page, physical 16777216k(4194304k free)

/proc/meminfo:


vm_info: Java HotSpot(TM) 64-Bit Server VM (24.51-b03) for bsd-amd64 JRE (1.7.0_51-b13), built on Dec 18 2013 18:45:56 by "java_re" with gcc 4.2.1 (Based on Apple Inc. build 5658) (LLVM build 2336.11.00)

time: Fri Jun  3 14:16:41 2016
elapsed time: 6 seconds

